<?xml version="1.0" encoding="UTF-8"?>
<!-- Generated by org.testng.reporters.JUnitReportReporter -->
<testsuite hostname="Laptop" failures="0" tests="2" name="org.testNG.com.Class1" time="0.020" errors="0" timestamp="2024-01-05T13:15:12 IST" skipped="0">
  <testcase classname="org.testNG.com.Class1" name="b" time="0.003"/>
  <testcase classname="org.testNG.com.Class1" name="a" time="0.017"/>
</testsuite> <!-- org.testNG.com.Class1 -->
